<?xml version="1.0" encoding="UTF-8"?>
<testsuite xmlns:xsi="http://www.w3.org/2001/XMLSchema-instance" xsi:noNamespaceSchemaLocation="https://maven.apache.org/surefire/maven-surefire-plugin/xsd/surefire-test-report-3.0.xsd" version="3.0" name="com.inspection.penalty.PenaltyApplicationTests" time="3.631" tests="1" errors="0" skipped="0" failures="0">
  <properties>
[...]
</properties>
  <testcase name="contextLoads" classname="com.inspection.penalty.PenaltyApplicationTests" time="0.916">
    <system-out><![CDATA[Standard Commons Logging discovery in action with spring-jcl: please remove commons-logging.jar from classpath in order to avoid potential conflicts
18:40:24.739 [main] INFO org.springframework.test.context.support.AnnotationConfigContextLoaderUtils -- Could not detect default configuration classes for test class [com.inspection.penalty.PenaltyApplicationTests]: PenaltyApplicationTests does not declare any static, non-private, non-final, nested classes annotated with @Configuration.
18:40:24.845 [main] INFO org.springframework.boot.test.context.SpringBootTestContextBootstrapper -- Found @SpringBootConfiguration com.inspection.penalty.PenaltyApplication for test class com.inspection.penalty.PenaltyApplicationTests

  .   ____          _            __ _ _
 /\\ / ___'_ __ _ _(_)_ __  __ _ \ \ \ \
( ( )\___ | '_ | '_| | '_ \/ _` | \ \ \ \
 \\/  ___)| |_)| | | | | || (_| |  ) ) ) )
  '  |____| .__|_| |_|_| |_\__, | / / / /
 =========|_|==============|___/=/_/_/_/

 :: Spring Boot ::                (v3.3.2)

2024-09-25T18:40:25.198+05:30  INFO 7344 --- [penalty] [           main] c.i.penalty.PenaltyApplicationTests      : Starting PenaltyApplicationTests using Java 21.0.3 with PID 7344 (started by sapan in C:\Users\sapan\Desktop\penalty)
2024-09-25T18:40:25.201+05:30  INFO 7344 --- [penalty] [           main] c.i.penalty.PenaltyApplicationTests      : No active profile set, falling back to 1 default profile: "default"
2024-09-25T18:40:27.016+05:30  INFO 7344 --- [penalty] [           main] o.s.b.a.e.web.EndpointLinksResolver      : Exposing 1 endpoint beneath base path '/actuator'
2024-09-25T18:40:27.079+05:30  INFO 7344 --- [penalty] [           main] c.i.penalty.PenaltyApplicationTests      : Started PenaltyApplicationTests in 2.084 seconds (process running for 3.044)
]]></system-out>
    <system-err><![CDATA[WARNING: A Java agent has been loaded dynamically (C:\Users\sapan\.m2\repository\net\bytebuddy\byte-buddy-agent\1.14.18\byte-buddy-agent-1.14.18.jar)
WARNING: If a serviceability tool is in use, please run with -XX:+EnableDynamicAgentLoading to hide this warning
WARNING: If a serviceability tool is not in use, please run with -Djdk.instrument.traceUsage for more information
WARNING: Dynamic loading of agents will be disallowed by default in a future release
]]></system-err>
  </testcase>
</testsuite>